Performing C SOURCE FILE Test CMAKE_HAVE_LIBC_PTHREAD failed with the following output:
Change Dir: /movelai_ws/build/CMakeFiles/CMakeTmp

Run Build Command(s):/usr/bin/make cmTC_0395c/fast && /usr/bin/make -f CMakeFiles/cmTC_0395c.dir/build.make CMakeFiles/cmTC_0395c.dir/build
make[1]: Entering directory '/movelai_ws/build/CMakeFiles/CMakeTmp'
Building C object CMakeFiles/cmTC_0395c.dir/src.c.o
/usr/bin/cc   -DCMAKE_HAVE_LIBC_PTHREAD   -o CMakeFiles/cmTC_0395c.dir/src.c.o   -c /movelai_ws/build/CMakeFiles/CMakeTmp/src.c
Linking C executable cmTC_0395c
/usr/bin/cmake -E cmake_link_script CMakeFiles/cmTC_0395c.dir/link.txt --verbose=1
/usr/bin/cc  -DCMAKE_HAVE_LIBC_PTHREAD    -rdynamic CMakeFiles/cmTC_0395c.dir/src.c.o  -o cmTC_0395c 
/usr/bin/ld: CMakeFiles/cmTC_0395c.dir/src.c.o: in function `main':
src.c:(.text+0x46): undefined reference to `pthread_create'
/usr/bin/ld: src.c:(.text+0x52): undefined reference to `pthread_detach'
/usr/bin/ld: src.c:(.text+0x63): undefined reference to `pthread_join'
collect2: error: ld returned 1 exit status
make[1]: *** [CMakeFiles/cmTC_0395c.dir/build.make:87: cmTC_0395c] Error 1
make[1]: Leaving directory '/movelai_ws/build/CMakeFiles/CMakeTmp'
make: *** [Makefile:121: cmTC_0395c/fast] Error 2


Source file was:
#include <pthread.h>

void* test_func(void* data)
{
  return data;
}

int main(void)
{
  pthread_t thread;
  pthread_create(&thread, NULL, test_func, NULL);
  pthread_detach(thread);
  pthread_join(thread, NULL);
  pthread_atfork(NULL, NULL, NULL);
  pthread_exit(NULL);

  return 0;
}

Determining if the function pthread_create exists in the pthreads failed with the following output:
Change Dir: /movelai_ws/build/CMakeFiles/CMakeTmp

Run Build Command(s):/usr/bin/make cmTC_c5d0b/fast && /usr/bin/make -f CMakeFiles/cmTC_c5d0b.dir/build.make CMakeFiles/cmTC_c5d0b.dir/build
make[1]: Entering directory '/movelai_ws/build/CMakeFiles/CMakeTmp'
Building C object CMakeFiles/cmTC_c5d0b.dir/CheckFunctionExists.c.o
/usr/bin/cc   -DCHECK_FUNCTION_EXISTS=pthread_create   -o CMakeFiles/cmTC_c5d0b.dir/CheckFunctionExists.c.o   -c /usr/share/cmake-3.16/Modules/CheckFunctionExists.c
Linking C executable cmTC_c5d0b
/usr/bin/cmake -E cmake_link_script CMakeFiles/cmTC_c5d0b.dir/link.txt --verbose=1
/usr/bin/cc  -DCHECK_FUNCTION_EXISTS=pthread_create    -rdynamic CMakeFiles/cmTC_c5d0b.dir/CheckFunctionExists.c.o  -o cmTC_c5d0b  -lpthreads 
/usr/bin/ld: cannot find -lpthreads
collect2: error: ld returned 1 exit status
make[1]: *** [CMakeFiles/cmTC_c5d0b.dir/build.make:87: cmTC_c5d0b] Error 1
make[1]: Leaving directory '/movelai_ws/build/CMakeFiles/CMakeTmp'
make: *** [Makefile:121: cmTC_c5d0b/fast] Error 2



Determining if the include file FL/Fl.H exists failed with the following output:
Change Dir: /movelai_ws/build/CMakeFiles/CMakeTmp

Run Build Command(s):/usr/bin/make cmTC_50196/fast && /usr/bin/make -f CMakeFiles/cmTC_50196.dir/build.make CMakeFiles/cmTC_50196.dir/build
make[1]: Entering directory '/movelai_ws/build/CMakeFiles/CMakeTmp'
Building CXX object CMakeFiles/cmTC_50196.dir/CheckIncludeFile.cxx.o
/usr/bin/c++     -o CMakeFiles/cmTC_50196.dir/CheckIncludeFile.cxx.o -c /movelai_ws/build/CMakeFiles/CMakeTmp/CheckIncludeFile.cxx
/movelai_ws/build/CMakeFiles/CMakeTmp/CheckIncludeFile.cxx:1:10: fatal error: FL/Fl.H: No such file or directory
    1 | #include <FL/Fl.H>
      |          ^~~~~~~~~
compilation terminated.
make[1]: *** [CMakeFiles/cmTC_50196.dir/build.make:66: CMakeFiles/cmTC_50196.dir/CheckIncludeFile.cxx.o] Error 1
make[1]: Leaving directory '/movelai_ws/build/CMakeFiles/CMakeTmp'
make: *** [Makefile:121: cmTC_50196/fast] Error 2



