[0.093s] DEBUG:colcon:Command line arguments: ['/usr/bin/colcon', 'list', '-p', '--base-paths', '/home/nawab/movelai_ws']
[0.093s] DEBUG:colcon:Parsed command line arguments: Namespace(log_base=None, log_level=None, verb_name='list', build_base='build', ignore_user_meta=False, metas=['./colcon.meta'], base_paths=['/home/nawab/movelai_ws'], packages_ignore=None, packages_ignore_regex=None, paths=None, packages_up_to=None, packages_up_to_regex=None, packages_above=None, packages_above_and_dependencies=None, packages_above_depth=None, packages_select_by_dep=None, packages_skip_by_dep=None, packages_skip_up_to=None, packages_select_build_failed=False, packages_skip_build_finished=False, packages_select_test_failures=False, packages_skip_test_passed=False, packages_select=None, packages_skip=None, packages_select_regex=None, packages_skip_regex=None, packages_start=None, packages_end=None, allow_overriding=[], topological_order=False, names_only=False, paths_only=True, topological_graph=False, topological_graph_dot=False, topological_graph_density=False, topological_graph_legend=False, topological_graph_dot_cluster=False, topological_graph_dot_include_skipped=False, mixin_files=None, mixin=None, verb_parser=<colcon_mixin.mixin.mixin_argument.MixinArgumentDecorator object at 0x720e0d747580>, verb_extension=<colcon_package_information.verb.list.ListVerb object at 0x720e0d85d9f0>, main=<bound method ListVerb.main of <colcon_package_information.verb.list.ListVerb object at 0x720e0d85d9f0>>, mixin_verb=('list',))
[0.324s] Level 1:colcon.colcon_core.package_discovery:discover_packages(colcon_meta) check parameters
[0.325s] Level 1:colcon.colcon_core.package_discovery:discover_packages(recursive) check parameters
[0.325s] Level 1:colcon.colcon_core.package_discovery:discover_packages(ignore) check parameters
[0.325s] Level 1:colcon.colcon_core.package_discovery:discover_packages(path) check parameters
[0.325s] Level 1:colcon.colcon_core.package_discovery:discover_packages(recursive) discover
[0.325s] INFO:colcon.colcon_core.package_discovery:Crawling recursively for packages in '/home/nawab/movelai_ws'
[0.325s] Level 1:colcon.colcon_core.package_identification:_identify(/home/nawab/movelai_ws) by extensions ['ignore', 'ignore_ament_install']
[0.325s] Level 1:colcon.colcon_core.package_identification:_identify(/home/nawab/movelai_ws) by extension 'ignore'
[0.325s] Level 1:colcon.colcon_core.package_identification:_identify(/home/nawab/movelai_ws) by extension 'ignore_ament_install'
[0.325s] Level 1:colcon.colcon_core.package_identification:_identify(/home/nawab/movelai_ws) by extensions ['colcon_pkg']
[0.325s] Level 1:colcon.colcon_core.package_identification:_identify(/home/nawab/movelai_ws) by extension 'colcon_pkg'
[0.325s] Level 1:colcon.colcon_core.package_identification:_identify(/home/nawab/movelai_ws) by extensions ['colcon_meta']
[0.325s] Level 1:colcon.colcon_core.package_identification:_identify(/home/nawab/movelai_ws) by extension 'colcon_meta'
[0.325s] Level 1:colcon.colcon_core.package_identification:_identify(/home/nawab/movelai_ws) by extensions ['ros']
[0.325s] Level 1:colcon.colcon_core.package_identification:_identify(/home/nawab/movelai_ws) by extension 'ros'
[0.334s] Level 1:colcon.colcon_core.package_identification:_identify(/home/nawab/movelai_ws) by extensions ['cmake', 'python']
[0.334s] Level 1:colcon.colcon_core.package_identification:_identify(/home/nawab/movelai_ws) by extension 'cmake'
[0.334s] Level 1:colcon.colcon_core.package_identification:_identify(/home/nawab/movelai_ws) by extension 'python'
[0.334s] Level 1:colcon.colcon_core.package_identification:_identify(/home/nawab/movelai_ws) by extensions ['python_setup_py']
[0.334s] Level 1:colcon.colcon_core.package_identification:_identify(/home/nawab/movelai_ws) by extension 'python_setup_py'
[0.334s] Level 1:colcon.colcon_core.package_identification:_identify(/home/nawab/movelai_ws/bags) by extensions ['ignore', 'ignore_ament_install']
[0.334s] Level 1:colcon.colcon_core.package_identification:_identify(/home/nawab/movelai_ws/bags) by extension 'ignore'
[0.334s] Level 1:colcon.colcon_core.package_identification:_identify(/home/nawab/movelai_ws/bags) by extension 'ignore_ament_install'
[0.334s] Level 1:colcon.colcon_core.package_identification:_identify(/home/nawab/movelai_ws/bags) by extensions ['colcon_pkg']
[0.334s] Level 1:colcon.colcon_core.package_identification:_identify(/home/nawab/movelai_ws/bags) by extension 'colcon_pkg'
[0.334s] Level 1:colcon.colcon_core.package_identification:_identify(/home/nawab/movelai_ws/bags) by extensions ['colcon_meta']
[0.334s] Level 1:colcon.colcon_core.package_identification:_identify(/home/nawab/movelai_ws/bags) by extension 'colcon_meta'
[0.334s] Level 1:colcon.colcon_core.package_identification:_identify(/home/nawab/movelai_ws/bags) by extensions ['ros']
[0.334s] Level 1:colcon.colcon_core.package_identification:_identify(/home/nawab/movelai_ws/bags) by extension 'ros'
[0.334s] Level 1:colcon.colcon_core.package_identification:_identify(/home/nawab/movelai_ws/bags) by extensions ['cmake', 'python']
[0.334s] Level 1:colcon.colcon_core.package_identification:_identify(/home/nawab/movelai_ws/bags) by extension 'cmake'
[0.334s] Level 1:colcon.colcon_core.package_identification:_identify(/home/nawab/movelai_ws/bags) by extension 'python'
[0.334s] Level 1:colcon.colcon_core.package_identification:_identify(/home/nawab/movelai_ws/bags) by extensions ['python_setup_py']
[0.334s] Level 1:colcon.colcon_core.package_identification:_identify(/home/nawab/movelai_ws/bags) by extension 'python_setup_py'
[0.334s] Level 1:colcon.colcon_core.package_identification:_identify(/home/nawab/movelai_ws/docker) by extensions ['ignore', 'ignore_ament_install']
[0.335s] Level 1:colcon.colcon_core.package_identification:_identify(/home/nawab/movelai_ws/docker) by extension 'ignore'
[0.335s] Level 1:colcon.colcon_core.package_identification:_identify(/home/nawab/movelai_ws/docker) by extension 'ignore_ament_install'
[0.335s] Level 1:colcon.colcon_core.package_identification:_identify(/home/nawab/movelai_ws/docker) by extensions ['colcon_pkg']
[0.335s] Level 1:colcon.colcon_core.package_identification:_identify(/home/nawab/movelai_ws/docker) by extension 'colcon_pkg'
[0.335s] Level 1:colcon.colcon_core.package_identification:_identify(/home/nawab/movelai_ws/docker) by extensions ['colcon_meta']
[0.335s] Level 1:colcon.colcon_core.package_identification:_identify(/home/nawab/movelai_ws/docker) by extension 'colcon_meta'
[0.335s] Level 1:colcon.colcon_core.package_identification:_identify(/home/nawab/movelai_ws/docker) by extensions ['ros']
[0.335s] Level 1:colcon.colcon_core.package_identification:_identify(/home/nawab/movelai_ws/docker) by extension 'ros'
[0.335s] Level 1:colcon.colcon_core.package_identification:_identify(/home/nawab/movelai_ws/docker) by extensions ['cmake', 'python']
[0.335s] Level 1:colcon.colcon_core.package_identification:_identify(/home/nawab/movelai_ws/docker) by extension 'cmake'
[0.335s] Level 1:colcon.colcon_core.package_identification:_identify(/home/nawab/movelai_ws/docker) by extension 'python'
[0.335s] Level 1:colcon.colcon_core.package_identification:_identify(/home/nawab/movelai_ws/docker) by extensions ['python_setup_py']
[0.335s] Level 1:colcon.colcon_core.package_identification:_identify(/home/nawab/movelai_ws/docker) by extension 'python_setup_py'
[0.335s] Level 1:colcon.colcon_core.package_identification:_identify(/home/nawab/movelai_ws/log) by extensions ['ignore', 'ignore_ament_install']
[0.335s] Level 1:colcon.colcon_core.package_identification:_identify(/home/nawab/movelai_ws/log) by extension 'ignore'
[0.335s] Level 1:colcon.colcon_core.package_identification:_identify(/home/nawab/movelai_ws/log) ignored
[0.335s] Level 1:colcon.colcon_core.package_identification:_identify(/home/nawab/movelai_ws/src) by extensions ['ignore', 'ignore_ament_install']
[0.335s] Level 1:colcon.colcon_core.package_identification:_identify(/home/nawab/movelai_ws/src) by extension 'ignore'
[0.335s] Level 1:colcon.colcon_core.package_identification:_identify(/home/nawab/movelai_ws/src) by extension 'ignore_ament_install'
[0.335s] Level 1:colcon.colcon_core.package_identification:_identify(/home/nawab/movelai_ws/src) by extensions ['colcon_pkg']
[0.335s] Level 1:colcon.colcon_core.package_identification:_identify(/home/nawab/movelai_ws/src) by extension 'colcon_pkg'
[0.335s] Level 1:colcon.colcon_core.package_identification:_identify(/home/nawab/movelai_ws/src) by extensions ['colcon_meta']
[0.335s] Level 1:colcon.colcon_core.package_identification:_identify(/home/nawab/movelai_ws/src) by extension 'colcon_meta'
[0.335s] Level 1:colcon.colcon_core.package_identification:_identify(/home/nawab/movelai_ws/src) by extensions ['ros']
[0.335s] Level 1:colcon.colcon_core.package_identification:_identify(/home/nawab/movelai_ws/src) by extension 'ros'
[0.335s] Level 1:colcon.colcon_core.package_identification:_identify(/home/nawab/movelai_ws/src) by extensions ['cmake', 'python']
[0.335s] Level 1:colcon.colcon_core.package_identification:_identify(/home/nawab/movelai_ws/src) by extension 'cmake'
[0.335s] Level 1:colcon.colcon_core.package_identification:_identify(/home/nawab/movelai_ws/src) by extension 'python'
[0.336s] Level 1:colcon.colcon_core.package_identification:_identify(/home/nawab/movelai_ws/src) by extensions ['python_setup_py']
[0.336s] Level 1:colcon.colcon_core.package_identification:_identify(/home/nawab/movelai_ws/src) by extension 'python_setup_py'
[0.336s] Level 1:colcon.colcon_core.package_identification:_identify(/home/nawab/movelai_ws/src/navigation) by extensions ['ignore', 'ignore_ament_install']
[0.336s] Level 1:colcon.colcon_core.package_identification:_identify(/home/nawab/movelai_ws/src/navigation) by extension 'ignore'
[0.336s] Level 1:colcon.colcon_core.package_identification:_identify(/home/nawab/movelai_ws/src/navigation) by extension 'ignore_ament_install'
[0.336s] Level 1:colcon.colcon_core.package_identification:_identify(/home/nawab/movelai_ws/src/navigation) by extensions ['colcon_pkg']
[0.336s] Level 1:colcon.colcon_core.package_identification:_identify(/home/nawab/movelai_ws/src/navigation) by extension 'colcon_pkg'
[0.336s] Level 1:colcon.colcon_core.package_identification:_identify(/home/nawab/movelai_ws/src/navigation) by extensions ['colcon_meta']
[0.336s] Level 1:colcon.colcon_core.package_identification:_identify(/home/nawab/movelai_ws/src/navigation) by extension 'colcon_meta'
[0.336s] Level 1:colcon.colcon_core.package_identification:_identify(/home/nawab/movelai_ws/src/navigation) by extensions ['ros']
[0.336s] Level 1:colcon.colcon_core.package_identification:_identify(/home/nawab/movelai_ws/src/navigation) by extension 'ros'
[0.336s] Level 1:colcon.colcon_core.package_identification:_identify(/home/nawab/movelai_ws/src/navigation) by extensions ['cmake', 'python']
[0.336s] Level 1:colcon.colcon_core.package_identification:_identify(/home/nawab/movelai_ws/src/navigation) by extension 'cmake'
[0.336s] Level 1:colcon.colcon_core.package_identification:_identify(/home/nawab/movelai_ws/src/navigation) by extension 'python'
[0.336s] Level 1:colcon.colcon_core.package_identification:_identify(/home/nawab/movelai_ws/src/navigation) by extensions ['python_setup_py']
[0.336s] Level 1:colcon.colcon_core.package_identification:_identify(/home/nawab/movelai_ws/src/navigation) by extension 'python_setup_py'
[0.336s] Level 1:colcon.colcon_core.package_identification:_identify(/home/nawab/movelai_ws/src/navigation/amcl) by extensions ['ignore', 'ignore_ament_install']
[0.336s] Level 1:colcon.colcon_core.package_identification:_identify(/home/nawab/movelai_ws/src/navigation/amcl) by extension 'ignore'
[0.336s] Level 1:colcon.colcon_core.package_identification:_identify(/home/nawab/movelai_ws/src/navigation/amcl) by extension 'ignore_ament_install'
[0.336s] Level 1:colcon.colcon_core.package_identification:_identify(/home/nawab/movelai_ws/src/navigation/amcl) by extensions ['colcon_pkg']
[0.336s] Level 1:colcon.colcon_core.package_identification:_identify(/home/nawab/movelai_ws/src/navigation/amcl) by extension 'colcon_pkg'
[0.336s] Level 1:colcon.colcon_core.package_identification:_identify(/home/nawab/movelai_ws/src/navigation/amcl) by extensions ['colcon_meta']
[0.336s] Level 1:colcon.colcon_core.package_identification:_identify(/home/nawab/movelai_ws/src/navigation/amcl) by extension 'colcon_meta'
[0.336s] Level 1:colcon.colcon_core.package_identification:_identify(/home/nawab/movelai_ws/src/navigation/amcl) by extensions ['ros']
[0.336s] Level 1:colcon.colcon_core.package_identification:_identify(/home/nawab/movelai_ws/src/navigation/amcl) by extension 'ros'
[0.339s] DEBUG:colcon.colcon_core.package_identification:Package '/home/nawab/movelai_ws/src/navigation/amcl' with type 'ros.catkin' and name 'amcl'
[0.339s] Level 1:colcon.colcon_core.package_identification:_identify(/home/nawab/movelai_ws/src/navigation/base_local_planner) by extensions ['ignore', 'ignore_ament_install']
[0.339s] Level 1:colcon.colcon_core.package_identification:_identify(/home/nawab/movelai_ws/src/navigation/base_local_planner) by extension 'ignore'
[0.339s] Level 1:colcon.colcon_core.package_identification:_identify(/home/nawab/movelai_ws/src/navigation/base_local_planner) by extension 'ignore_ament_install'
[0.340s] Level 1:colcon.colcon_core.package_identification:_identify(/home/nawab/movelai_ws/src/navigation/base_local_planner) by extensions ['colcon_pkg']
[0.340s] Level 1:colcon.colcon_core.package_identification:_identify(/home/nawab/movelai_ws/src/navigation/base_local_planner) by extension 'colcon_pkg'
[0.340s] Level 1:colcon.colcon_core.package_identification:_identify(/home/nawab/movelai_ws/src/navigation/base_local_planner) by extensions ['colcon_meta']
[0.340s] Level 1:colcon.colcon_core.package_identification:_identify(/home/nawab/movelai_ws/src/navigation/base_local_planner) by extension 'colcon_meta'
[0.340s] Level 1:colcon.colcon_core.package_identification:_identify(/home/nawab/movelai_ws/src/navigation/base_local_planner) by extensions ['ros']
[0.340s] Level 1:colcon.colcon_core.package_identification:_identify(/home/nawab/movelai_ws/src/navigation/base_local_planner) by extension 'ros'
[0.344s] DEBUG:colcon.colcon_core.package_identification:Package '/home/nawab/movelai_ws/src/navigation/base_local_planner' with type 'ros.catkin' and name 'base_local_planner'
[0.344s] Level 1:colcon.colcon_core.package_identification:_identify(/home/nawab/movelai_ws/src/navigation/carrot_planner) by extensions ['ignore', 'ignore_ament_install']
[0.344s] Level 1:colcon.colcon_core.package_identification:_identify(/home/nawab/movelai_ws/src/navigation/carrot_planner) by extension 'ignore'
[0.344s] Level 1:colcon.colcon_core.package_identification:_identify(/home/nawab/movelai_ws/src/navigation/carrot_planner) by extension 'ignore_ament_install'
[0.345s] Level 1:colcon.colcon_core.package_identification:_identify(/home/nawab/movelai_ws/src/navigation/carrot_planner) by extensions ['colcon_pkg']
[0.345s] Level 1:colcon.colcon_core.package_identification:_identify(/home/nawab/movelai_ws/src/navigation/carrot_planner) by extension 'colcon_pkg'
[0.345s] Level 1:colcon.colcon_core.package_identification:_identify(/home/nawab/movelai_ws/src/navigation/carrot_planner) by extensions ['colcon_meta']
[0.345s] Level 1:colcon.colcon_core.package_identification:_identify(/home/nawab/movelai_ws/src/navigation/carrot_planner) by extension 'colcon_meta'
[0.345s] Level 1:colcon.colcon_core.package_identification:_identify(/home/nawab/movelai_ws/src/navigation/carrot_planner) by extensions ['ros']
[0.345s] Level 1:colcon.colcon_core.package_identification:_identify(/home/nawab/movelai_ws/src/navigation/carrot_planner) by extension 'ros'
[0.346s] DEBUG:colcon.colcon_core.package_identification:Package '/home/nawab/movelai_ws/src/navigation/carrot_planner' with type 'ros.catkin' and name 'carrot_planner'
[0.346s] Level 1:colcon.colcon_core.package_identification:_identify(/home/nawab/movelai_ws/src/navigation/clear_costmap_recovery) by extensions ['ignore', 'ignore_ament_install']
[0.346s] Level 1:colcon.colcon_core.package_identification:_identify(/home/nawab/movelai_ws/src/navigation/clear_costmap_recovery) by extension 'ignore'
[0.346s] Level 1:colcon.colcon_core.package_identification:_identify(/home/nawab/movelai_ws/src/navigation/clear_costmap_recovery) by extension 'ignore_ament_install'
[0.347s] Level 1:colcon.colcon_core.package_identification:_identify(/home/nawab/movelai_ws/src/navigation/clear_costmap_recovery) by extensions ['colcon_pkg']
[0.347s] Level 1:colcon.colcon_core.package_identification:_identify(/home/nawab/movelai_ws/src/navigation/clear_costmap_recovery) by extension 'colcon_pkg'
[0.347s] Level 1:colcon.colcon_core.package_identification:_identify(/home/nawab/movelai_ws/src/navigation/clear_costmap_recovery) by extensions ['colcon_meta']
[0.347s] Level 1:colcon.colcon_core.package_identification:_identify(/home/nawab/movelai_ws/src/navigation/clear_costmap_recovery) by extension 'colcon_meta'
[0.347s] Level 1:colcon.colcon_core.package_identification:_identify(/home/nawab/movelai_ws/src/navigation/clear_costmap_recovery) by extensions ['ros']
[0.347s] Level 1:colcon.colcon_core.package_identification:_identify(/home/nawab/movelai_ws/src/navigation/clear_costmap_recovery) by extension 'ros'
[0.348s] DEBUG:colcon.colcon_core.package_identification:Package '/home/nawab/movelai_ws/src/navigation/clear_costmap_recovery' with type 'ros.catkin' and name 'clear_costmap_recovery'
[0.348s] Level 1:colcon.colcon_core.package_identification:_identify(/home/nawab/movelai_ws/src/navigation/costmap_2d) by extensions ['ignore', 'ignore_ament_install']
[0.348s] Level 1:colcon.colcon_core.package_identification:_identify(/home/nawab/movelai_ws/src/navigation/costmap_2d) by extension 'ignore'
[0.348s] Level 1:colcon.colcon_core.package_identification:_identify(/home/nawab/movelai_ws/src/navigation/costmap_2d) by extension 'ignore_ament_install'
[0.348s] Level 1:colcon.colcon_core.package_identification:_identify(/home/nawab/movelai_ws/src/navigation/costmap_2d) by extensions ['colcon_pkg']
[0.348s] Level 1:colcon.colcon_core.package_identification:_identify(/home/nawab/movelai_ws/src/navigation/costmap_2d) by extension 'colcon_pkg'
[0.348s] Level 1:colcon.colcon_core.package_identification:_identify(/home/nawab/movelai_ws/src/navigation/costmap_2d) by extensions ['colcon_meta']
[0.348s] Level 1:colcon.colcon_core.package_identification:_identify(/home/nawab/movelai_ws/src/navigation/costmap_2d) by extension 'colcon_meta'
[0.348s] Level 1:colcon.colcon_core.package_identification:_identify(/home/nawab/movelai_ws/src/navigation/costmap_2d) by extensions ['ros']
[0.348s] Level 1:colcon.colcon_core.package_identification:_identify(/home/nawab/movelai_ws/src/navigation/costmap_2d) by extension 'ros'
[0.351s] DEBUG:colcon.colcon_core.package_identification:Package '/home/nawab/movelai_ws/src/navigation/costmap_2d' with type 'ros.catkin' and name 'costmap_2d'
[0.351s] Level 1:colcon.colcon_core.package_identification:_identify(/home/nawab/movelai_ws/src/navigation/dwa_local_planner) by extensions ['ignore', 'ignore_ament_install']
[0.351s] Level 1:colcon.colcon_core.package_identification:_identify(/home/nawab/movelai_ws/src/navigation/dwa_local_planner) by extension 'ignore'
[0.351s] Level 1:colcon.colcon_core.package_identification:_identify(/home/nawab/movelai_ws/src/navigation/dwa_local_planner) by extension 'ignore_ament_install'
[0.351s] Level 1:colcon.colcon_core.package_identification:_identify(/home/nawab/movelai_ws/src/navigation/dwa_local_planner) by extensions ['colcon_pkg']
[0.351s] Level 1:colcon.colcon_core.package_identification:_identify(/home/nawab/movelai_ws/src/navigation/dwa_local_planner) by extension 'colcon_pkg'
[0.351s] Level 1:colcon.colcon_core.package_identification:_identify(/home/nawab/movelai_ws/src/navigation/dwa_local_planner) by extensions ['colcon_meta']
[0.351s] Level 1:colcon.colcon_core.package_identification:_identify(/home/nawab/movelai_ws/src/navigation/dwa_local_planner) by extension 'colcon_meta'
[0.351s] Level 1:colcon.colcon_core.package_identification:_identify(/home/nawab/movelai_ws/src/navigation/dwa_local_planner) by extensions ['ros']
[0.351s] Level 1:colcon.colcon_core.package_identification:_identify(/home/nawab/movelai_ws/src/navigation/dwa_local_planner) by extension 'ros'
[0.352s] DEBUG:colcon.colcon_core.package_identification:Package '/home/nawab/movelai_ws/src/navigation/dwa_local_planner' with type 'ros.catkin' and name 'dwa_local_planner'
[0.352s] Level 1:colcon.colcon_core.package_identification:_identify(/home/nawab/movelai_ws/src/navigation/fake_localization) by extensions ['ignore', 'ignore_ament_install']
[0.352s] Level 1:colcon.colcon_core.package_identification:_identify(/home/nawab/movelai_ws/src/navigation/fake_localization) by extension 'ignore'
[0.352s] Level 1:colcon.colcon_core.package_identification:_identify(/home/nawab/movelai_ws/src/navigation/fake_localization) by extension 'ignore_ament_install'
[0.352s] Level 1:colcon.colcon_core.package_identification:_identify(/home/nawab/movelai_ws/src/navigation/fake_localization) by extensions ['colcon_pkg']
[0.352s] Level 1:colcon.colcon_core.package_identification:_identify(/home/nawab/movelai_ws/src/navigation/fake_localization) by extension 'colcon_pkg'
[0.352s] Level 1:colcon.colcon_core.package_identification:_identify(/home/nawab/movelai_ws/src/navigation/fake_localization) by extensions ['colcon_meta']
[0.352s] Level 1:colcon.colcon_core.package_identification:_identify(/home/nawab/movelai_ws/src/navigation/fake_localization) by extension 'colcon_meta'
[0.352s] Level 1:colcon.colcon_core.package_identification:_identify(/home/nawab/movelai_ws/src/navigation/fake_localization) by extensions ['ros']
[0.353s] Level 1:colcon.colcon_core.package_identification:_identify(/home/nawab/movelai_ws/src/navigation/fake_localization) by extension 'ros'
[0.353s] DEBUG:colcon.colcon_core.package_identification:Package '/home/nawab/movelai_ws/src/navigation/fake_localization' with type 'ros.catkin' and name 'fake_localization'
[0.353s] Level 1:colcon.colcon_core.package_identification:_identify(/home/nawab/movelai_ws/src/navigation/global_planner) by extensions ['ignore', 'ignore_ament_install']
[0.353s] Level 1:colcon.colcon_core.package_identification:_identify(/home/nawab/movelai_ws/src/navigation/global_planner) by extension 'ignore'
[0.353s] Level 1:colcon.colcon_core.package_identification:_identify(/home/nawab/movelai_ws/src/navigation/global_planner) by extension 'ignore_ament_install'
[0.353s] Level 1:colcon.colcon_core.package_identification:_identify(/home/nawab/movelai_ws/src/navigation/global_planner) by extensions ['colcon_pkg']
[0.353s] Level 1:colcon.colcon_core.package_identification:_identify(/home/nawab/movelai_ws/src/navigation/global_planner) by extension 'colcon_pkg'
[0.353s] Level 1:colcon.colcon_core.package_identification:_identify(/home/nawab/movelai_ws/src/navigation/global_planner) by extensions ['colcon_meta']
[0.353s] Level 1:colcon.colcon_core.package_identification:_identify(/home/nawab/movelai_ws/src/navigation/global_planner) by extension 'colcon_meta'
[0.353s] Level 1:colcon.colcon_core.package_identification:_identify(/home/nawab/movelai_ws/src/navigation/global_planner) by extensions ['ros']
[0.353s] Level 1:colcon.colcon_core.package_identification:_identify(/home/nawab/movelai_ws/src/navigation/global_planner) by extension 'ros'
[0.354s] DEBUG:colcon.colcon_core.package_identification:Package '/home/nawab/movelai_ws/src/navigation/global_planner' with type 'ros.catkin' and name 'global_planner'
[0.354s] Level 1:colcon.colcon_core.package_identification:_identify(/home/nawab/movelai_ws/src/navigation/map_server) by extensions ['ignore', 'ignore_ament_install']
[0.354s] Level 1:colcon.colcon_core.package_identification:_identify(/home/nawab/movelai_ws/src/navigation/map_server) by extension 'ignore'
[0.355s] Level 1:colcon.colcon_core.package_identification:_identify(/home/nawab/movelai_ws/src/navigation/map_server) by extension 'ignore_ament_install'
[0.355s] Level 1:colcon.colcon_core.package_identification:_identify(/home/nawab/movelai_ws/src/navigation/map_server) by extensions ['colcon_pkg']
[0.355s] Level 1:colcon.colcon_core.package_identification:_identify(/home/nawab/movelai_ws/src/navigation/map_server) by extension 'colcon_pkg'
[0.355s] Level 1:colcon.colcon_core.package_identification:_identify(/home/nawab/movelai_ws/src/navigation/map_server) by extensions ['colcon_meta']
[0.355s] Level 1:colcon.colcon_core.package_identification:_identify(/home/nawab/movelai_ws/src/navigation/map_server) by extension 'colcon_meta'
[0.355s] Level 1:colcon.colcon_core.package_identification:_identify(/home/nawab/movelai_ws/src/navigation/map_server) by extensions ['ros']
[0.355s] Level 1:colcon.colcon_core.package_identification:_identify(/home/nawab/movelai_ws/src/navigation/map_server) by extension 'ros'
[0.355s] DEBUG:colcon.colcon_core.package_identification:Package '/home/nawab/movelai_ws/src/navigation/map_server' with type 'ros.catkin' and name 'map_server'
[0.356s] Level 1:colcon.colcon_core.package_identification:_identify(/home/nawab/movelai_ws/src/navigation/move_base) by extensions ['ignore', 'ignore_ament_install']
[0.356s] Level 1:colcon.colcon_core.package_identification:_identify(/home/nawab/movelai_ws/src/navigation/move_base) by extension 'ignore'
[0.356s] Level 1:colcon.colcon_core.package_identification:_identify(/home/nawab/movelai_ws/src/navigation/move_base) by extension 'ignore_ament_install'
[0.356s] Level 1:colcon.colcon_core.package_identification:_identify(/home/nawab/movelai_ws/src/navigation/move_base) by extensions ['colcon_pkg']
[0.356s] Level 1:colcon.colcon_core.package_identification:_identify(/home/nawab/movelai_ws/src/navigation/move_base) by extension 'colcon_pkg'
[0.356s] Level 1:colcon.colcon_core.package_identification:_identify(/home/nawab/movelai_ws/src/navigation/move_base) by extensions ['colcon_meta']
[0.356s] Level 1:colcon.colcon_core.package_identification:_identify(/home/nawab/movelai_ws/src/navigation/move_base) by extension 'colcon_meta'
[0.356s] Level 1:colcon.colcon_core.package_identification:_identify(/home/nawab/movelai_ws/src/navigation/move_base) by extensions ['ros']
[0.356s] Level 1:colcon.colcon_core.package_identification:_identify(/home/nawab/movelai_ws/src/navigation/move_base) by extension 'ros'
[0.358s] DEBUG:colcon.colcon_core.package_identification:Package '/home/nawab/movelai_ws/src/navigation/move_base' with type 'ros.catkin' and name 'move_base'
[0.358s] Level 1:colcon.colcon_core.package_identification:_identify(/home/nawab/movelai_ws/src/navigation/move_slow_and_clear) by extensions ['ignore', 'ignore_ament_install']
[0.359s] Level 1:colcon.colcon_core.package_identification:_identify(/home/nawab/movelai_ws/src/navigation/move_slow_and_clear) by extension 'ignore'
[0.359s] Level 1:colcon.colcon_core.package_identification:_identify(/home/nawab/movelai_ws/src/navigation/move_slow_and_clear) by extension 'ignore_ament_install'
[0.359s] Level 1:colcon.colcon_core.package_identification:_identify(/home/nawab/movelai_ws/src/navigation/move_slow_and_clear) by extensions ['colcon_pkg']
[0.359s] Level 1:colcon.colcon_core.package_identification:_identify(/home/nawab/movelai_ws/src/navigation/move_slow_and_clear) by extension 'colcon_pkg'
[0.359s] Level 1:colcon.colcon_core.package_identification:_identify(/home/nawab/movelai_ws/src/navigation/move_slow_and_clear) by extensions ['colcon_meta']
[0.359s] Level 1:colcon.colcon_core.package_identification:_identify(/home/nawab/movelai_ws/src/navigation/move_slow_and_clear) by extension 'colcon_meta'
[0.359s] Level 1:colcon.colcon_core.package_identification:_identify(/home/nawab/movelai_ws/src/navigation/move_slow_and_clear) by extensions ['ros']
[0.359s] Level 1:colcon.colcon_core.package_identification:_identify(/home/nawab/movelai_ws/src/navigation/move_slow_and_clear) by extension 'ros'
[0.360s] DEBUG:colcon.colcon_core.package_identification:Package '/home/nawab/movelai_ws/src/navigation/move_slow_and_clear' with type 'ros.catkin' and name 'move_slow_and_clear'
[0.360s] Level 1:colcon.colcon_core.package_identification:_identify(/home/nawab/movelai_ws/src/navigation/nav_core) by extensions ['ignore', 'ignore_ament_install']
[0.360s] Level 1:colcon.colcon_core.package_identification:_identify(/home/nawab/movelai_ws/src/navigation/nav_core) by extension 'ignore'
[0.360s] Level 1:colcon.colcon_core.package_identification:_identify(/home/nawab/movelai_ws/src/navigation/nav_core) by extension 'ignore_ament_install'
[0.360s] Level 1:colcon.colcon_core.package_identification:_identify(/home/nawab/movelai_ws/src/navigation/nav_core) by extensions ['colcon_pkg']
[0.360s] Level 1:colcon.colcon_core.package_identification:_identify(/home/nawab/movelai_ws/src/navigation/nav_core) by extension 'colcon_pkg'
[0.360s] Level 1:colcon.colcon_core.package_identification:_identify(/home/nawab/movelai_ws/src/navigation/nav_core) by extensions ['colcon_meta']
[0.360s] Level 1:colcon.colcon_core.package_identification:_identify(/home/nawab/movelai_ws/src/navigation/nav_core) by extension 'colcon_meta'
[0.360s] Level 1:colcon.colcon_core.package_identification:_identify(/home/nawab/movelai_ws/src/navigation/nav_core) by extensions ['ros']
[0.360s] Level 1:colcon.colcon_core.package_identification:_identify(/home/nawab/movelai_ws/src/navigation/nav_core) by extension 'ros'
[0.361s] DEBUG:colcon.colcon_core.package_identification:Package '/home/nawab/movelai_ws/src/navigation/nav_core' with type 'ros.catkin' and name 'nav_core'
[0.361s] Level 1:colcon.colcon_core.package_identification:_identify(/home/nawab/movelai_ws/src/navigation/navfn) by extensions ['ignore', 'ignore_ament_install']
[0.361s] Level 1:colcon.colcon_core.package_identification:_identify(/home/nawab/movelai_ws/src/navigation/navfn) by extension 'ignore'
[0.361s] Level 1:colcon.colcon_core.package_identification:_identify(/home/nawab/movelai_ws/src/navigation/navfn) by extension 'ignore_ament_install'
[0.361s] Level 1:colcon.colcon_core.package_identification:_identify(/home/nawab/movelai_ws/src/navigation/navfn) by extensions ['colcon_pkg']
[0.361s] Level 1:colcon.colcon_core.package_identification:_identify(/home/nawab/movelai_ws/src/navigation/navfn) by extension 'colcon_pkg'
[0.361s] Level 1:colcon.colcon_core.package_identification:_identify(/home/nawab/movelai_ws/src/navigation/navfn) by extensions ['colcon_meta']
[0.361s] Level 1:colcon.colcon_core.package_identification:_identify(/home/nawab/movelai_ws/src/navigation/navfn) by extension 'colcon_meta'
[0.361s] Level 1:colcon.colcon_core.package_identification:_identify(/home/nawab/movelai_ws/src/navigation/navfn) by extensions ['ros']
[0.361s] Level 1:colcon.colcon_core.package_identification:_identify(/home/nawab/movelai_ws/src/navigation/navfn) by extension 'ros'
[0.362s] DEBUG:colcon.colcon_core.package_identification:Package '/home/nawab/movelai_ws/src/navigation/navfn' with type 'ros.catkin' and name 'navfn'
[0.362s] Level 1:colcon.colcon_core.package_identification:_identify(/home/nawab/movelai_ws/src/navigation/navigation) by extensions ['ignore', 'ignore_ament_install']
[0.362s] Level 1:colcon.colcon_core.package_identification:_identify(/home/nawab/movelai_ws/src/navigation/navigation) by extension 'ignore'
[0.362s] Level 1:colcon.colcon_core.package_identification:_identify(/home/nawab/movelai_ws/src/navigation/navigation) by extension 'ignore_ament_install'
[0.362s] Level 1:colcon.colcon_core.package_identification:_identify(/home/nawab/movelai_ws/src/navigation/navigation) by extensions ['colcon_pkg']
[0.362s] Level 1:colcon.colcon_core.package_identification:_identify(/home/nawab/movelai_ws/src/navigation/navigation) by extension 'colcon_pkg'
[0.362s] Level 1:colcon.colcon_core.package_identification:_identify(/home/nawab/movelai_ws/src/navigation/navigation) by extensions ['colcon_meta']
[0.362s] Level 1:colcon.colcon_core.package_identification:_identify(/home/nawab/movelai_ws/src/navigation/navigation) by extension 'colcon_meta'
[0.362s] Level 1:colcon.colcon_core.package_identification:_identify(/home/nawab/movelai_ws/src/navigation/navigation) by extensions ['ros']
[0.362s] Level 1:colcon.colcon_core.package_identification:_identify(/home/nawab/movelai_ws/src/navigation/navigation) by extension 'ros'
[0.363s] DEBUG:colcon.colcon_core.package_identification:Package '/home/nawab/movelai_ws/src/navigation/navigation' with type 'ros.catkin' and name 'navigation'
[0.363s] Level 1:colcon.colcon_core.package_identification:_identify(/home/nawab/movelai_ws/src/navigation/rotate_recovery) by extensions ['ignore', 'ignore_ament_install']
[0.363s] Level 1:colcon.colcon_core.package_identification:_identify(/home/nawab/movelai_ws/src/navigation/rotate_recovery) by extension 'ignore'
[0.363s] Level 1:colcon.colcon_core.package_identification:_identify(/home/nawab/movelai_ws/src/navigation/rotate_recovery) by extension 'ignore_ament_install'
[0.363s] Level 1:colcon.colcon_core.package_identification:_identify(/home/nawab/movelai_ws/src/navigation/rotate_recovery) by extensions ['colcon_pkg']
[0.363s] Level 1:colcon.colcon_core.package_identification:_identify(/home/nawab/movelai_ws/src/navigation/rotate_recovery) by extension 'colcon_pkg'
[0.363s] Level 1:colcon.colcon_core.package_identification:_identify(/home/nawab/movelai_ws/src/navigation/rotate_recovery) by extensions ['colcon_meta']
[0.363s] Level 1:colcon.colcon_core.package_identification:_identify(/home/nawab/movelai_ws/src/navigation/rotate_recovery) by extension 'colcon_meta'
[0.363s] Level 1:colcon.colcon_core.package_identification:_identify(/home/nawab/movelai_ws/src/navigation/rotate_recovery) by extensions ['ros']
[0.363s] Level 1:colcon.colcon_core.package_identification:_identify(/home/nawab/movelai_ws/src/navigation/rotate_recovery) by extension 'ros'
[0.364s] DEBUG:colcon.colcon_core.package_identification:Package '/home/nawab/movelai_ws/src/navigation/rotate_recovery' with type 'ros.catkin' and name 'rotate_recovery'
[0.364s] Level 1:colcon.colcon_core.package_identification:_identify(/home/nawab/movelai_ws/src/navigation/voxel_grid) by extensions ['ignore', 'ignore_ament_install']
[0.364s] Level 1:colcon.colcon_core.package_identification:_identify(/home/nawab/movelai_ws/src/navigation/voxel_grid) by extension 'ignore'
[0.364s] Level 1:colcon.colcon_core.package_identification:_identify(/home/nawab/movelai_ws/src/navigation/voxel_grid) by extension 'ignore_ament_install'
[0.364s] Level 1:colcon.colcon_core.package_identification:_identify(/home/nawab/movelai_ws/src/navigation/voxel_grid) by extensions ['colcon_pkg']
[0.364s] Level 1:colcon.colcon_core.package_identification:_identify(/home/nawab/movelai_ws/src/navigation/voxel_grid) by extension 'colcon_pkg'
[0.364s] Level 1:colcon.colcon_core.package_identification:_identify(/home/nawab/movelai_ws/src/navigation/voxel_grid) by extensions ['colcon_meta']
[0.364s] Level 1:colcon.colcon_core.package_identification:_identify(/home/nawab/movelai_ws/src/navigation/voxel_grid) by extension 'colcon_meta'
[0.364s] Level 1:colcon.colcon_core.package_identification:_identify(/home/nawab/movelai_ws/src/navigation/voxel_grid) by extensions ['ros']
[0.364s] Level 1:colcon.colcon_core.package_identification:_identify(/home/nawab/movelai_ws/src/navigation/voxel_grid) by extension 'ros'
[0.364s] DEBUG:colcon.colcon_core.package_identification:Package '/home/nawab/movelai_ws/src/navigation/voxel_grid' with type 'ros.catkin' and name 'voxel_grid'
[0.364s] Level 1:colcon.colcon_core.package_identification:_identify(/home/nawab/movelai_ws/src/robot_bringup) by extensions ['ignore', 'ignore_ament_install']
[0.364s] Level 1:colcon.colcon_core.package_identification:_identify(/home/nawab/movelai_ws/src/robot_bringup) by extension 'ignore'
[0.364s] Level 1:colcon.colcon_core.package_identification:_identify(/home/nawab/movelai_ws/src/robot_bringup) by extension 'ignore_ament_install'
[0.364s] Level 1:colcon.colcon_core.package_identification:_identify(/home/nawab/movelai_ws/src/robot_bringup) by extensions ['colcon_pkg']
[0.364s] Level 1:colcon.colcon_core.package_identification:_identify(/home/nawab/movelai_ws/src/robot_bringup) by extension 'colcon_pkg'
[0.364s] Level 1:colcon.colcon_core.package_identification:_identify(/home/nawab/movelai_ws/src/robot_bringup) by extensions ['colcon_meta']
[0.365s] Level 1:colcon.colcon_core.package_identification:_identify(/home/nawab/movelai_ws/src/robot_bringup) by extension 'colcon_meta'
[0.365s] Level 1:colcon.colcon_core.package_identification:_identify(/home/nawab/movelai_ws/src/robot_bringup) by extensions ['ros']
[0.365s] Level 1:colcon.colcon_core.package_identification:_identify(/home/nawab/movelai_ws/src/robot_bringup) by extension 'ros'
[0.365s] DEBUG:colcon.colcon_core.package_identification:Package '/home/nawab/movelai_ws/src/robot_bringup' with type 'ros.catkin' and name 'robot_bringup'
[0.365s] Level 1:colcon.colcon_core.package_identification:_identify(/home/nawab/movelai_ws/src/tb3_worlds) by extensions ['ignore', 'ignore_ament_install']
[0.365s] Level 1:colcon.colcon_core.package_identification:_identify(/home/nawab/movelai_ws/src/tb3_worlds) by extension 'ignore'
[0.365s] Level 1:colcon.colcon_core.package_identification:_identify(/home/nawab/movelai_ws/src/tb3_worlds) by extension 'ignore_ament_install'
[0.365s] Level 1:colcon.colcon_core.package_identification:_identify(/home/nawab/movelai_ws/src/tb3_worlds) by extensions ['colcon_pkg']
[0.365s] Level 1:colcon.colcon_core.package_identification:_identify(/home/nawab/movelai_ws/src/tb3_worlds) by extension 'colcon_pkg'
[0.365s] Level 1:colcon.colcon_core.package_identification:_identify(/home/nawab/movelai_ws/src/tb3_worlds) by extensions ['colcon_meta']
[0.365s] Level 1:colcon.colcon_core.package_identification:_identify(/home/nawab/movelai_ws/src/tb3_worlds) by extension 'colcon_meta'
[0.366s] Level 1:colcon.colcon_core.package_identification:_identify(/home/nawab/movelai_ws/src/tb3_worlds) by extensions ['ros']
[0.366s] Level 1:colcon.colcon_core.package_identification:_identify(/home/nawab/movelai_ws/src/tb3_worlds) by extension 'ros'
[0.366s] DEBUG:colcon.colcon_core.package_identification:Package '/home/nawab/movelai_ws/src/tb3_worlds' with type 'ros.catkin' and name 'tb3_worlds'
[0.366s] Level 1:colcon.colcon_core.package_identification:_identify(/home/nawab/movelai_ws/src/turtlebot3) by extensions ['ignore', 'ignore_ament_install']
[0.366s] Level 1:colcon.colcon_core.package_identification:_identify(/home/nawab/movelai_ws/src/turtlebot3) by extension 'ignore'
[0.366s] Level 1:colcon.colcon_core.package_identification:_identify(/home/nawab/movelai_ws/src/turtlebot3) by extension 'ignore_ament_install'
[0.366s] Level 1:colcon.colcon_core.package_identification:_identify(/home/nawab/movelai_ws/src/turtlebot3) by extensions ['colcon_pkg']
[0.366s] Level 1:colcon.colcon_core.package_identification:_identify(/home/nawab/movelai_ws/src/turtlebot3) by extension 'colcon_pkg'
[0.366s] Level 1:colcon.colcon_core.package_identification:_identify(/home/nawab/movelai_ws/src/turtlebot3) by extensions ['colcon_meta']
[0.366s] Level 1:colcon.colcon_core.package_identification:_identify(/home/nawab/movelai_ws/src/turtlebot3) by extension 'colcon_meta'
[0.366s] Level 1:colcon.colcon_core.package_identification:_identify(/home/nawab/movelai_ws/src/turtlebot3) by extensions ['ros']
[0.366s] Level 1:colcon.colcon_core.package_identification:_identify(/home/nawab/movelai_ws/src/turtlebot3) by extension 'ros'
[0.366s] Level 1:colcon.colcon_core.package_identification:_identify(/home/nawab/movelai_ws/src/turtlebot3) by extensions ['cmake', 'python']
[0.366s] Level 1:colcon.colcon_core.package_identification:_identify(/home/nawab/movelai_ws/src/turtlebot3) by extension 'cmake'
[0.366s] Level 1:colcon.colcon_core.package_identification:_identify(/home/nawab/movelai_ws/src/turtlebot3) by extension 'python'
[0.367s] Level 1:colcon.colcon_core.package_identification:_identify(/home/nawab/movelai_ws/src/turtlebot3) by extensions ['python_setup_py']
[0.367s] Level 1:colcon.colcon_core.package_identification:_identify(/home/nawab/movelai_ws/src/turtlebot3) by extension 'python_setup_py'
[0.367s] Level 1:colcon.colcon_core.package_identification:_identify(/home/nawab/movelai_ws/src/turtlebot3/turtlebot3) by extensions ['ignore', 'ignore_ament_install']
[0.367s] Level 1:colcon.colcon_core.package_identification:_identify(/home/nawab/movelai_ws/src/turtlebot3/turtlebot3) by extension 'ignore'
[0.367s] Level 1:colcon.colcon_core.package_identification:_identify(/home/nawab/movelai_ws/src/turtlebot3/turtlebot3) by extension 'ignore_ament_install'
[0.367s] Level 1:colcon.colcon_core.package_identification:_identify(/home/nawab/movelai_ws/src/turtlebot3/turtlebot3) by extensions ['colcon_pkg']
[0.367s] Level 1:colcon.colcon_core.package_identification:_identify(/home/nawab/movelai_ws/src/turtlebot3/turtlebot3) by extension 'colcon_pkg'
[0.367s] Level 1:colcon.colcon_core.package_identification:_identify(/home/nawab/movelai_ws/src/turtlebot3/turtlebot3) by extensions ['colcon_meta']
[0.367s] Level 1:colcon.colcon_core.package_identification:_identify(/home/nawab/movelai_ws/src/turtlebot3/turtlebot3) by extension 'colcon_meta'
[0.367s] Level 1:colcon.colcon_core.package_identification:_identify(/home/nawab/movelai_ws/src/turtlebot3/turtlebot3) by extensions ['ros']
[0.367s] Level 1:colcon.colcon_core.package_identification:_identify(/home/nawab/movelai_ws/src/turtlebot3/turtlebot3) by extension 'ros'
[0.367s] DEBUG:colcon.colcon_core.package_identification:Package '/home/nawab/movelai_ws/src/turtlebot3/turtlebot3' with type 'ros.catkin' and name 'turtlebot3'
[0.367s] Level 1:colcon.colcon_core.package_identification:_identify(/home/nawab/movelai_ws/src/turtlebot3/turtlebot3_bringup) by extensions ['ignore', 'ignore_ament_install']
[0.367s] Level 1:colcon.colcon_core.package_identification:_identify(/home/nawab/movelai_ws/src/turtlebot3/turtlebot3_bringup) by extension 'ignore'
[0.367s] Level 1:colcon.colcon_core.package_identification:_identify(/home/nawab/movelai_ws/src/turtlebot3/turtlebot3_bringup) by extension 'ignore_ament_install'
[0.367s] Level 1:colcon.colcon_core.package_identification:_identify(/home/nawab/movelai_ws/src/turtlebot3/turtlebot3_bringup) by extensions ['colcon_pkg']
[0.367s] Level 1:colcon.colcon_core.package_identification:_identify(/home/nawab/movelai_ws/src/turtlebot3/turtlebot3_bringup) by extension 'colcon_pkg'
[0.367s] Level 1:colcon.colcon_core.package_identification:_identify(/home/nawab/movelai_ws/src/turtlebot3/turtlebot3_bringup) by extensions ['colcon_meta']
[0.367s] Level 1:colcon.colcon_core.package_identification:_identify(/home/nawab/movelai_ws/src/turtlebot3/turtlebot3_bringup) by extension 'colcon_meta'
[0.368s] Level 1:colcon.colcon_core.package_identification:_identify(/home/nawab/movelai_ws/src/turtlebot3/turtlebot3_bringup) by extensions ['ros']
[0.368s] Level 1:colcon.colcon_core.package_identification:_identify(/home/nawab/movelai_ws/src/turtlebot3/turtlebot3_bringup) by extension 'ros'
[0.369s] DEBUG:colcon.colcon_core.package_identification:Package '/home/nawab/movelai_ws/src/turtlebot3/turtlebot3_bringup' with type 'ros.catkin' and name 'turtlebot3_bringup'
[0.369s] Level 1:colcon.colcon_core.package_identification:_identify(/home/nawab/movelai_ws/src/turtlebot3/turtlebot3_description) by extensions ['ignore', 'ignore_ament_install']
[0.369s] Level 1:colcon.colcon_core.package_identification:_identify(/home/nawab/movelai_ws/src/turtlebot3/turtlebot3_description) by extension 'ignore'
[0.369s] Level 1:colcon.colcon_core.package_identification:_identify(/home/nawab/movelai_ws/src/turtlebot3/turtlebot3_description) by extension 'ignore_ament_install'
[0.369s] Level 1:colcon.colcon_core.package_identification:_identify(/home/nawab/movelai_ws/src/turtlebot3/turtlebot3_description) by extensions ['colcon_pkg']
[0.369s] Level 1:colcon.colcon_core.package_identification:_identify(/home/nawab/movelai_ws/src/turtlebot3/turtlebot3_description) by extension 'colcon_pkg'
[0.369s] Level 1:colcon.colcon_core.package_identification:_identify(/home/nawab/movelai_ws/src/turtlebot3/turtlebot3_description) by extensions ['colcon_meta']
[0.369s] Level 1:colcon.colcon_core.package_identification:_identify(/home/nawab/movelai_ws/src/turtlebot3/turtlebot3_description) by extension 'colcon_meta'
[0.369s] Level 1:colcon.colcon_core.package_identification:_identify(/home/nawab/movelai_ws/src/turtlebot3/turtlebot3_description) by extensions ['ros']
[0.369s] Level 1:colcon.colcon_core.package_identification:_identify(/home/nawab/movelai_ws/src/turtlebot3/turtlebot3_description) by extension 'ros'
[0.370s] DEBUG:colcon.colcon_core.package_identification:Package '/home/nawab/movelai_ws/src/turtlebot3/turtlebot3_description' with type 'ros.catkin' and name 'turtlebot3_description'
[0.370s] Level 1:colcon.colcon_core.package_identification:_identify(/home/nawab/movelai_ws/src/turtlebot3/turtlebot3_example) by extensions ['ignore', 'ignore_ament_install']
[0.370s] Level 1:colcon.colcon_core.package_identification:_identify(/home/nawab/movelai_ws/src/turtlebot3/turtlebot3_example) by extension 'ignore'
[0.370s] Level 1:colcon.colcon_core.package_identification:_identify(/home/nawab/movelai_ws/src/turtlebot3/turtlebot3_example) by extension 'ignore_ament_install'
[0.370s] Level 1:colcon.colcon_core.package_identification:_identify(/home/nawab/movelai_ws/src/turtlebot3/turtlebot3_example) by extensions ['colcon_pkg']
[0.370s] Level 1:colcon.colcon_core.package_identification:_identify(/home/nawab/movelai_ws/src/turtlebot3/turtlebot3_example) by extension 'colcon_pkg'
[0.370s] Level 1:colcon.colcon_core.package_identification:_identify(/home/nawab/movelai_ws/src/turtlebot3/turtlebot3_example) by extensions ['colcon_meta']
[0.370s] Level 1:colcon.colcon_core.package_identification:_identify(/home/nawab/movelai_ws/src/turtlebot3/turtlebot3_example) by extension 'colcon_meta'
[0.370s] Level 1:colcon.colcon_core.package_identification:_identify(/home/nawab/movelai_ws/src/turtlebot3/turtlebot3_example) by extensions ['ros']
[0.370s] Level 1:colcon.colcon_core.package_identification:_identify(/home/nawab/movelai_ws/src/turtlebot3/turtlebot3_example) by extension 'ros'
[0.372s] DEBUG:colcon.colcon_core.package_identification:Package '/home/nawab/movelai_ws/src/turtlebot3/turtlebot3_example' with type 'ros.catkin' and name 'turtlebot3_example'
[0.372s] Level 1:colcon.colcon_core.package_identification:_identify(/home/nawab/movelai_ws/src/turtlebot3/turtlebot3_navigation) by extensions ['ignore', 'ignore_ament_install']
[0.372s] Level 1:colcon.colcon_core.package_identification:_identify(/home/nawab/movelai_ws/src/turtlebot3/turtlebot3_navigation) by extension 'ignore'
[0.372s] Level 1:colcon.colcon_core.package_identification:_identify(/home/nawab/movelai_ws/src/turtlebot3/turtlebot3_navigation) by extension 'ignore_ament_install'
[0.372s] Level 1:colcon.colcon_core.package_identification:_identify(/home/nawab/movelai_ws/src/turtlebot3/turtlebot3_navigation) by extensions ['colcon_pkg']
[0.372s] Level 1:colcon.colcon_core.package_identification:_identify(/home/nawab/movelai_ws/src/turtlebot3/turtlebot3_navigation) by extension 'colcon_pkg'
[0.372s] Level 1:colcon.colcon_core.package_identification:_identify(/home/nawab/movelai_ws/src/turtlebot3/turtlebot3_navigation) by extensions ['colcon_meta']
[0.372s] Level 1:colcon.colcon_core.package_identification:_identify(/home/nawab/movelai_ws/src/turtlebot3/turtlebot3_navigation) by extension 'colcon_meta'
[0.372s] Level 1:colcon.colcon_core.package_identification:_identify(/home/nawab/movelai_ws/src/turtlebot3/turtlebot3_navigation) by extensions ['ros']
[0.372s] Level 1:colcon.colcon_core.package_identification:_identify(/home/nawab/movelai_ws/src/turtlebot3/turtlebot3_navigation) by extension 'ros'
[0.373s] DEBUG:colcon.colcon_core.package_identification:Package '/home/nawab/movelai_ws/src/turtlebot3/turtlebot3_navigation' with type 'ros.catkin' and name 'turtlebot3_navigation'
[0.373s] Level 1:colcon.colcon_core.package_identification:_identify(/home/nawab/movelai_ws/src/turtlebot3/turtlebot3_slam) by extensions ['ignore', 'ignore_ament_install']
[0.373s] Level 1:colcon.colcon_core.package_identification:_identify(/home/nawab/movelai_ws/src/turtlebot3/turtlebot3_slam) by extension 'ignore'
[0.373s] Level 1:colcon.colcon_core.package_identification:_identify(/home/nawab/movelai_ws/src/turtlebot3/turtlebot3_slam) by extension 'ignore_ament_install'
[0.373s] Level 1:colcon.colcon_core.package_identification:_identify(/home/nawab/movelai_ws/src/turtlebot3/turtlebot3_slam) by extensions ['colcon_pkg']
[0.373s] Level 1:colcon.colcon_core.package_identification:_identify(/home/nawab/movelai_ws/src/turtlebot3/turtlebot3_slam) by extension 'colcon_pkg'
[0.373s] Level 1:colcon.colcon_core.package_identification:_identify(/home/nawab/movelai_ws/src/turtlebot3/turtlebot3_slam) by extensions ['colcon_meta']
[0.373s] Level 1:colcon.colcon_core.package_identification:_identify(/home/nawab/movelai_ws/src/turtlebot3/turtlebot3_slam) by extension 'colcon_meta'
[0.373s] Level 1:colcon.colcon_core.package_identification:_identify(/home/nawab/movelai_ws/src/turtlebot3/turtlebot3_slam) by extensions ['ros']
[0.373s] Level 1:colcon.colcon_core.package_identification:_identify(/home/nawab/movelai_ws/src/turtlebot3/turtlebot3_slam) by extension 'ros'
[0.380s] DEBUG:colcon.colcon_core.package_identification:Package '/home/nawab/movelai_ws/src/turtlebot3/turtlebot3_slam' with type 'ros.catkin' and name 'turtlebot3_slam'
[0.380s] Level 1:colcon.colcon_core.package_identification:_identify(/home/nawab/movelai_ws/src/turtlebot3/turtlebot3_teleop) by extensions ['ignore', 'ignore_ament_install']
[0.380s] Level 1:colcon.colcon_core.package_identification:_identify(/home/nawab/movelai_ws/src/turtlebot3/turtlebot3_teleop) by extension 'ignore'
[0.380s] Level 1:colcon.colcon_core.package_identification:_identify(/home/nawab/movelai_ws/src/turtlebot3/turtlebot3_teleop) by extension 'ignore_ament_install'
[0.380s] Level 1:colcon.colcon_core.package_identification:_identify(/home/nawab/movelai_ws/src/turtlebot3/turtlebot3_teleop) by extensions ['colcon_pkg']
[0.380s] Level 1:colcon.colcon_core.package_identification:_identify(/home/nawab/movelai_ws/src/turtlebot3/turtlebot3_teleop) by extension 'colcon_pkg'
[0.380s] Level 1:colcon.colcon_core.package_identification:_identify(/home/nawab/movelai_ws/src/turtlebot3/turtlebot3_teleop) by extensions ['colcon_meta']
[0.380s] Level 1:colcon.colcon_core.package_identification:_identify(/home/nawab/movelai_ws/src/turtlebot3/turtlebot3_teleop) by extension 'colcon_meta'
[0.380s] Level 1:colcon.colcon_core.package_identification:_identify(/home/nawab/movelai_ws/src/turtlebot3/turtlebot3_teleop) by extensions ['ros']
[0.380s] Level 1:colcon.colcon_core.package_identification:_identify(/home/nawab/movelai_ws/src/turtlebot3/turtlebot3_teleop) by extension 'ros'
[0.381s] DEBUG:colcon.colcon_core.package_identification:Package '/home/nawab/movelai_ws/src/turtlebot3/turtlebot3_teleop' with type 'ros.catkin' and name 'turtlebot3_teleop'
[0.381s] Level 1:colcon.colcon_core.package_identification:_identify(/home/nawab/movelai_ws/src/turtlebot3_msgs) by extensions ['ignore', 'ignore_ament_install']
[0.381s] Level 1:colcon.colcon_core.package_identification:_identify(/home/nawab/movelai_ws/src/turtlebot3_msgs) by extension 'ignore'
[0.381s] Level 1:colcon.colcon_core.package_identification:_identify(/home/nawab/movelai_ws/src/turtlebot3_msgs) by extension 'ignore_ament_install'
[0.381s] Level 1:colcon.colcon_core.package_identification:_identify(/home/nawab/movelai_ws/src/turtlebot3_msgs) by extensions ['colcon_pkg']
[0.381s] Level 1:colcon.colcon_core.package_identification:_identify(/home/nawab/movelai_ws/src/turtlebot3_msgs) by extension 'colcon_pkg'
[0.381s] Level 1:colcon.colcon_core.package_identification:_identify(/home/nawab/movelai_ws/src/turtlebot3_msgs) by extensions ['colcon_meta']
[0.381s] Level 1:colcon.colcon_core.package_identification:_identify(/home/nawab/movelai_ws/src/turtlebot3_msgs) by extension 'colcon_meta'
[0.381s] Level 1:colcon.colcon_core.package_identification:_identify(/home/nawab/movelai_ws/src/turtlebot3_msgs) by extensions ['ros']
[0.381s] Level 1:colcon.colcon_core.package_identification:_identify(/home/nawab/movelai_ws/src/turtlebot3_msgs) by extension 'ros'
[0.381s] DEBUG:colcon.colcon_core.package_identification:Package '/home/nawab/movelai_ws/src/turtlebot3_msgs' with type 'ros.catkin' and name 'turtlebot3_msgs'
[0.381s] Level 1:colcon.colcon_core.package_identification:_identify(/home/nawab/movelai_ws/src/turtlebot3_simulations) by extensions ['ignore', 'ignore_ament_install']
[0.381s] Level 1:colcon.colcon_core.package_identification:_identify(/home/nawab/movelai_ws/src/turtlebot3_simulations) by extension 'ignore'
[0.381s] Level 1:colcon.colcon_core.package_identification:_identify(/home/nawab/movelai_ws/src/turtlebot3_simulations) by extension 'ignore_ament_install'
[0.381s] Level 1:colcon.colcon_core.package_identification:_identify(/home/nawab/movelai_ws/src/turtlebot3_simulations) by extensions ['colcon_pkg']
[0.381s] Level 1:colcon.colcon_core.package_identification:_identify(/home/nawab/movelai_ws/src/turtlebot3_simulations) by extension 'colcon_pkg'
[0.381s] Level 1:colcon.colcon_core.package_identification:_identify(/home/nawab/movelai_ws/src/turtlebot3_simulations) by extensions ['colcon_meta']
[0.381s] Level 1:colcon.colcon_core.package_identification:_identify(/home/nawab/movelai_ws/src/turtlebot3_simulations) by extension 'colcon_meta'
[0.382s] Level 1:colcon.colcon_core.package_identification:_identify(/home/nawab/movelai_ws/src/turtlebot3_simulations) by extensions ['ros']
[0.382s] Level 1:colcon.colcon_core.package_identification:_identify(/home/nawab/movelai_ws/src/turtlebot3_simulations) by extension 'ros'
[0.382s] Level 1:colcon.colcon_core.package_identification:_identify(/home/nawab/movelai_ws/src/turtlebot3_simulations) by extensions ['cmake', 'python']
[0.382s] Level 1:colcon.colcon_core.package_identification:_identify(/home/nawab/movelai_ws/src/turtlebot3_simulations) by extension 'cmake'
[0.382s] Level 1:colcon.colcon_core.package_identification:_identify(/home/nawab/movelai_ws/src/turtlebot3_simulations) by extension 'python'
[0.382s] Level 1:colcon.colcon_core.package_identification:_identify(/home/nawab/movelai_ws/src/turtlebot3_simulations) by extensions ['python_setup_py']
[0.382s] Level 1:colcon.colcon_core.package_identification:_identify(/home/nawab/movelai_ws/src/turtlebot3_simulations) by extension 'python_setup_py'
[0.382s] Level 1:colcon.colcon_core.package_identification:_identify(/home/nawab/movelai_ws/src/turtlebot3_simulations/turtlebot3_fake) by extensions ['ignore', 'ignore_ament_install']
[0.382s] Level 1:colcon.colcon_core.package_identification:_identify(/home/nawab/movelai_ws/src/turtlebot3_simulations/turtlebot3_fake) by extension 'ignore'
[0.382s] Level 1:colcon.colcon_core.package_identification:_identify(/home/nawab/movelai_ws/src/turtlebot3_simulations/turtlebot3_fake) by extension 'ignore_ament_install'
[0.382s] Level 1:colcon.colcon_core.package_identification:_identify(/home/nawab/movelai_ws/src/turtlebot3_simulations/turtlebot3_fake) by extensions ['colcon_pkg']
[0.382s] Level 1:colcon.colcon_core.package_identification:_identify(/home/nawab/movelai_ws/src/turtlebot3_simulations/turtlebot3_fake) by extension 'colcon_pkg'
[0.382s] Level 1:colcon.colcon_core.package_identification:_identify(/home/nawab/movelai_ws/src/turtlebot3_simulations/turtlebot3_fake) by extensions ['colcon_meta']
[0.382s] Level 1:colcon.colcon_core.package_identification:_identify(/home/nawab/movelai_ws/src/turtlebot3_simulations/turtlebot3_fake) by extension 'colcon_meta'
[0.382s] Level 1:colcon.colcon_core.package_identification:_identify(/home/nawab/movelai_ws/src/turtlebot3_simulations/turtlebot3_fake) by extensions ['ros']
[0.382s] Level 1:colcon.colcon_core.package_identification:_identify(/home/nawab/movelai_ws/src/turtlebot3_simulations/turtlebot3_fake) by extension 'ros'
[0.383s] DEBUG:colcon.colcon_core.package_identification:Package '/home/nawab/movelai_ws/src/turtlebot3_simulations/turtlebot3_fake' with type 'ros.catkin' and name 'turtlebot3_fake'
[0.383s] Level 1:colcon.colcon_core.package_identification:_identify(/home/nawab/movelai_ws/src/turtlebot3_simulations/turtlebot3_gazebo) by extensions ['ignore', 'ignore_ament_install']
[0.383s] Level 1:colcon.colcon_core.package_identification:_identify(/home/nawab/movelai_ws/src/turtlebot3_simulations/turtlebot3_gazebo) by extension 'ignore'
[0.383s] Level 1:colcon.colcon_core.package_identification:_identify(/home/nawab/movelai_ws/src/turtlebot3_simulations/turtlebot3_gazebo) by extension 'ignore_ament_install'
[0.383s] Level 1:colcon.colcon_core.package_identification:_identify(/home/nawab/movelai_ws/src/turtlebot3_simulations/turtlebot3_gazebo) by extensions ['colcon_pkg']
[0.383s] Level 1:colcon.colcon_core.package_identification:_identify(/home/nawab/movelai_ws/src/turtlebot3_simulations/turtlebot3_gazebo) by extension 'colcon_pkg'
[0.383s] Level 1:colcon.colcon_core.package_identification:_identify(/home/nawab/movelai_ws/src/turtlebot3_simulations/turtlebot3_gazebo) by extensions ['colcon_meta']
[0.383s] Level 1:colcon.colcon_core.package_identification:_identify(/home/nawab/movelai_ws/src/turtlebot3_simulations/turtlebot3_gazebo) by extension 'colcon_meta'
[0.383s] Level 1:colcon.colcon_core.package_identification:_identify(/home/nawab/movelai_ws/src/turtlebot3_simulations/turtlebot3_gazebo) by extensions ['ros']
[0.383s] Level 1:colcon.colcon_core.package_identification:_identify(/home/nawab/movelai_ws/src/turtlebot3_simulations/turtlebot3_gazebo) by extension 'ros'
[0.384s] DEBUG:colcon.colcon_core.package_identification:Package '/home/nawab/movelai_ws/src/turtlebot3_simulations/turtlebot3_gazebo' with type 'ros.catkin' and name 'turtlebot3_gazebo'
[0.384s] Level 1:colcon.colcon_core.package_identification:_identify(/home/nawab/movelai_ws/src/turtlebot3_simulations/turtlebot3_simulations) by extensions ['ignore', 'ignore_ament_install']
[0.384s] Level 1:colcon.colcon_core.package_identification:_identify(/home/nawab/movelai_ws/src/turtlebot3_simulations/turtlebot3_simulations) by extension 'ignore'
[0.384s] Level 1:colcon.colcon_core.package_identification:_identify(/home/nawab/movelai_ws/src/turtlebot3_simulations/turtlebot3_simulations) by extension 'ignore_ament_install'
[0.384s] Level 1:colcon.colcon_core.package_identification:_identify(/home/nawab/movelai_ws/src/turtlebot3_simulations/turtlebot3_simulations) by extensions ['colcon_pkg']
[0.384s] Level 1:colcon.colcon_core.package_identification:_identify(/home/nawab/movelai_ws/src/turtlebot3_simulations/turtlebot3_simulations) by extension 'colcon_pkg'
[0.384s] Level 1:colcon.colcon_core.package_identification:_identify(/home/nawab/movelai_ws/src/turtlebot3_simulations/turtlebot3_simulations) by extensions ['colcon_meta']
[0.384s] Level 1:colcon.colcon_core.package_identification:_identify(/home/nawab/movelai_ws/src/turtlebot3_simulations/turtlebot3_simulations) by extension 'colcon_meta'
[0.384s] Level 1:colcon.colcon_core.package_identification:_identify(/home/nawab/movelai_ws/src/turtlebot3_simulations/turtlebot3_simulations) by extensions ['ros']
[0.384s] Level 1:colcon.colcon_core.package_identification:_identify(/home/nawab/movelai_ws/src/turtlebot3_simulations/turtlebot3_simulations) by extension 'ros'
[0.384s] DEBUG:colcon.colcon_core.package_identification:Package '/home/nawab/movelai_ws/src/turtlebot3_simulations/turtlebot3_simulations' with type 'ros.catkin' and name 'turtlebot3_simulations'
[0.384s] Level 1:colcon.colcon_core.package_discovery:discover_packages(recursive) using defaults
